EDA Netlist Writer report for DE1_SoC
Wed Dec 07 16:17:21 2022
Quartus Prime Version 20.1.1 Build 720 11/11/2020 SJ Lite Edition


---------------------
; Table of Contents ;
---------------------
  1. Legal Notice
  2. EDA Netlist Writer Summary
  3. Simulation Settings
  4. Simulation Generated Files
  5. EDA Netlist Writer Messages



----------------
; Legal Notice ;
----------------
Copyright (C) 2020  Intel Corporation. All rights reserved.
Your use of Intel Corporation's design tools, logic functions 
and other software and tools, and any partner logic 
functions, and any output files from any of the foregoing 
(including device programming or simulation files), and any 
associated documentation or information are expressly subject 
to the terms and conditions of the Intel Program License 
Subscription Agreement, the Intel Quartus Prime License Agreement,
the Intel FPGA IP License Agreement, or other applicable license
agreement, including, without limitation, that your use is for
the sole purpose of programming logic devices manufactured by
Intel and sold by Intel or its authorized distributors.  Please
refer to the applicable agreement for further details, at
https://fpgasoftware.intel.com/eula.



+-------------------------------------------------------------------+
; EDA Netlist Writer Summary                                        ;
+---------------------------+---------------------------------------+
; EDA Netlist Writer Status ; Successful - Wed Dec 07 16:17:21 2022 ;
; Revision Name             ; DE1_SoC                               ;
; Top-level Entity Name     ; DE1_SoC                               ;
; Family                    ; Cyclone V                             ;
; Simulation Files Creation ; Successful                            ;
+---------------------------+---------------------------------------+


+-------------------------------------------------------------------------------------------------------------------------------------+
; Simulation Settings                                                                                                                 ;
+---------------------------------------------------------------------------------------------------+---------------------------------+
; Option                                                                                            ; Setting                         ;
+---------------------------------------------------------------------------------------------------+---------------------------------+
; Tool Name                                                                                         ; ModelSim-Altera (SystemVerilog) ;
; Generate functional simulation netlist                                                            ; On                              ;
; Truncate long hierarchy paths                                                                     ; Off                             ;
; Map illegal HDL characters                                                                        ; Off                             ;
; Flatten buses into individual nodes                                                               ; Off                             ;
; Maintain hierarchy                                                                                ; Off                             ;
; Bring out device-wide set/reset signals as ports                                                  ; Off                             ;
; Enable glitch filtering                                                                           ; Off                             ;
; Do not write top level VHDL entity                                                                ; Off                             ;
; Disable detection of setup and hold time violations in the input registers of bi-directional pins ; Off                             ;
; Architecture name in VHDL output netlist                                                          ; structure                       ;
; Generate third-party EDA tool command script for RTL functional simulation                        ; Off                             ;
; Generate third-party EDA tool command script for gate-level simulation                            ; Off                             ;
+---------------------------------------------------------------------------------------------------+---------------------------------+


+---------------------------------------------+
; Simulation Generated Files                  ;
+---------------------------------------------+
; Generated Files                             ;
+---------------------------------------------+
; C:/MIPS/src/simulation/modelsim/DE1_SoC.svo ;
+---------------------------------------------+


+-----------------------------+
; EDA Netlist Writer Messages ;
+-----------------------------+
Info: *******************************************************************
Info: Running Quartus Prime EDA Netlist Writer
    Info: Version 20.1.1 Build 720 11/11/2020 SJ Lite Edition
    Info: Processing started: Wed Dec 07 16:17:16 2022
Info: Command: quartus_eda --read_settings_files=off --write_settings_files=off DE1_SoC -c DE1_SoC
Warning (125092): Tcl Script File ram32x4.qip not found
    Info (125063): set_global_assignment -name QIP_FILE ram32x4.qip
Info (204019): Generated file DE1_SoC.svo in folder "C:/MIPS/src/simulation/modelsim/" for EDA simulation tool
Info: Quartus Prime EDA Netlist Writer was successful. 0 errors, 1 warning
    Info: Peak virtual memory: 4760 megabytes
    Info: Processing ended: Wed Dec 07 16:17:22 2022
    Info: Elapsed time: 00:00:06
    Info: Total CPU time (on all processors): 00:00:06


