Assembler report for DE1_SoC
Wed Dec 07 16:16:51 2022
Quartus Prime Version 20.1.1 Build 720 11/11/2020 SJ Lite Edition


---------------------
; Table of Contents ;
---------------------
  1. Legal Notice
  2. Assembler Summary
  3. Assembler Settings
  4. Assembler Encrypted IP Cores Summary
  5. Assembler Generated Files
  6. Assembler Device Options: C:/MIPS/src/output_files/DE1_SoC.sof
  7. Assembler Messages



----------------
; Legal Notice ;
----------------
Copyright (C) 2020  Intel Corporation. All rights reserved.
Your use of Intel Corporation's design tools, logic functions 
and other software and tools, and any partner logic 
functions, and any output files from any of the foregoing 
(including device programming or simulation files), and any 
associated documentation or information are expressly subject 
to the terms and conditions of the Intel Program License 
Subscription Agreement, the Intel Quartus Prime License Agreement,
the Intel FPGA IP License Agreement, or other applicable license
agreement, including, without limitation, that your use is for
the sole purpose of programming logic devices manufactured by
Intel and sold by Intel or its authorized distributors.  Please
refer to the applicable agreement for further details, at
https://fpgasoftware.intel.com/eula.



+---------------------------------------------------------------+
; Assembler Summary                                             ;
+-----------------------+---------------------------------------+
; Assembler Status      ; Successful - Wed Dec 07 16:16:51 2022 ;
; Revision Name         ; DE1_SoC                               ;
; Top-level Entity Name ; DE1_SoC                               ;
; Family                ; Cyclone V                             ;
; Device                ; 5CSEMA5F31C6                          ;
+-----------------------+---------------------------------------+


+----------------------------------+
; Assembler Settings               ;
+--------+---------+---------------+
; Option ; Setting ; Default Value ;
+--------+---------+---------------+


+------------------------------------------------+
; Assembler Encrypted IP Cores Summary           ;
+--------+------------------------+--------------+
; Vendor ; IP Core Name           ; License Type ;
+--------+------------------------+--------------+
; Altera ; Signal Tap (6AF7 BCE1) ; Licensed     ;
; Altera ; Signal Tap (6AF7 BCEC) ; Licensed     ;
+--------+------------------------+--------------+


+--------------------------------------+
; Assembler Generated Files            ;
+--------------------------------------+
; File Name                            ;
+--------------------------------------+
; C:/MIPS/src/output_files/DE1_SoC.sof ;
+--------------------------------------+


+----------------------------------------------------------------+
; Assembler Device Options: C:/MIPS/src/output_files/DE1_SoC.sof ;
+----------------+-----------------------------------------------+
; Option         ; Setting                                       ;
+----------------+-----------------------------------------------+
; JTAG usercode  ; 0x00FA4EC3                                    ;
; Checksum       ; 0x00FA4EC3                                    ;
+----------------+-----------------------------------------------+


+--------------------+
; Assembler Messages ;
+--------------------+
Info: *******************************************************************
Info: Running Quartus Prime Assembler
    Info: Version 20.1.1 Build 720 11/11/2020 SJ Lite Edition
    Info: Processing started: Wed Dec 07 16:16:32 2022
Info: Command: quartus_asm --read_settings_files=off --write_settings_files=off DE1_SoC -c DE1_SoC
Warning (125092): Tcl Script File ram32x4.qip not found
    Info (125063): set_global_assignment -name QIP_FILE ram32x4.qip
Info (115030): Assembler is generating device programming files
Info: Quartus Prime Assembler was successful. 0 errors, 1 warning
    Info: Peak virtual memory: 4872 megabytes
    Info: Processing ended: Wed Dec 07 16:16:51 2022
    Info: Elapsed time: 00:00:19
    Info: Total CPU time (on all processors): 00:00:14


